Performing C SOURCE FILE Test CMAKE_HAVE_LIBC_PTHREAD failed with the following output:
Change Dir: /home/haoran/quic/picoquic/CMakeFiles/CMakeTmp

Run Build Command(s):/usr/bin/make cmTC_8f91a/fast && /usr/bin/make -f CMakeFiles/cmTC_8f91a.dir/build.make CMakeFiles/cmTC_8f91a.dir/build
make[1]: Entering directory '/home/haoran/quic/picoquic/CMakeFiles/CMakeTmp'
Building C object CMakeFiles/cmTC_8f91a.dir/src.c.o
/usr/bin/cc   -DCMAKE_HAVE_LIBC_PTHREAD   -o CMakeFiles/cmTC_8f91a.dir/src.c.o   -c /home/haoran/quic/picoquic/CMakeFiles/CMakeTmp/src.c
Linking C executable cmTC_8f91a
/snap/cmake/252/bin/cmake -E cmake_link_script CMakeFiles/cmTC_8f91a.dir/link.txt --verbose=1
/usr/bin/cc  -DCMAKE_HAVE_LIBC_PTHREAD    -rdynamic CMakeFiles/cmTC_8f91a.dir/src.c.o  -o cmTC_8f91a 
CMakeFiles/cmTC_8f91a.dir/src.c.o: In function `main':
src.c:(.text+0x3e): undefined reference to `pthread_create'
src.c:(.text+0x4a): undefined reference to `pthread_detach'
src.c:(.text+0x5b): undefined reference to `pthread_join'
src.c:(.text+0x6f): undefined reference to `pthread_atfork'
collect2: error: ld returned 1 exit status
CMakeFiles/cmTC_8f91a.dir/build.make:86: recipe for target 'cmTC_8f91a' failed
make[1]: *** [cmTC_8f91a] Error 1
make[1]: Leaving directory '/home/haoran/quic/picoquic/CMakeFiles/CMakeTmp'
Makefile:121: recipe for target 'cmTC_8f91a/fast' failed
make: *** [cmTC_8f91a/fast] Error 2


Source file was:
#include <pthread.h>

void* test_func(void* data)
{
  return data;
}

int main(void)
{
  pthread_t thread;
  pthread_create(&thread, NULL, test_func, NULL);
  pthread_detach(thread);
  pthread_join(thread, NULL);
  pthread_atfork(NULL, NULL, NULL);
  pthread_exit(NULL);

  return 0;
}

Determining if the function pthread_create exists in the pthreads failed with the following output:
Change Dir: /home/haoran/quic/picoquic/CMakeFiles/CMakeTmp

Run Build Command(s):/usr/bin/make cmTC_a531d/fast && /usr/bin/make -f CMakeFiles/cmTC_a531d.dir/build.make CMakeFiles/cmTC_a531d.dir/build
make[1]: Entering directory '/home/haoran/quic/picoquic/CMakeFiles/CMakeTmp'
Building C object CMakeFiles/cmTC_a531d.dir/CheckFunctionExists.c.o
/usr/bin/cc   -DCHECK_FUNCTION_EXISTS=pthread_create   -o CMakeFiles/cmTC_a531d.dir/CheckFunctionExists.c.o   -c /snap/cmake/252/share/cmake-3.16/Modules/CheckFunctionExists.c
Linking C executable cmTC_a531d
/snap/cmake/252/bin/cmake -E cmake_link_script CMakeFiles/cmTC_a531d.dir/link.txt --verbose=1
/usr/bin/cc  -DCHECK_FUNCTION_EXISTS=pthread_create    -rdynamic CMakeFiles/cmTC_a531d.dir/CheckFunctionExists.c.o  -o cmTC_a531d  -lpthreads 
/usr/bin/ld: cannot find -lpthreads
collect2: error: ld returned 1 exit status
CMakeFiles/cmTC_a531d.dir/build.make:86: recipe for target 'cmTC_a531d' failed
make[1]: *** [cmTC_a531d] Error 1
make[1]: Leaving directory '/home/haoran/quic/picoquic/CMakeFiles/CMakeTmp'
Makefile:121: recipe for target 'cmTC_a531d/fast' failed
make: *** [cmTC_a531d/fast] Error 2



Determining if the pthread_create exist failed with the following output:
Change Dir: /home/haoran/quic/picoquic/CMakeFiles/CMakeTmp

Run Build Command:"/usr/bin/make" "cmTC_f5c79/fast"
/usr/bin/make -f CMakeFiles/cmTC_f5c79.dir/build.make CMakeFiles/cmTC_f5c79.dir/build
make[1]: Entering directory '/home/haoran/quic/picoquic/CMakeFiles/CMakeTmp'
Building C object CMakeFiles/cmTC_f5c79.dir/CheckSymbolExists.c.o
/usr/bin/cc    -o CMakeFiles/cmTC_f5c79.dir/CheckSymbolExists.c.o   -c /home/haoran/quic/picoquic/CMakeFiles/CMakeTmp/CheckSymbolExists.c
Linking C executable cmTC_f5c79
/usr/bin/cmake -E cmake_link_script CMakeFiles/cmTC_f5c79.dir/link.txt --verbose=1
/usr/bin/cc      -rdynamic CMakeFiles/cmTC_f5c79.dir/CheckSymbolExists.c.o  -o cmTC_f5c79 
CMakeFiles/cmTC_f5c79.dir/CheckSymbolExists.c.o: In function `main':
CheckSymbolExists.c:(.text+0x1b): undefined reference to `pthread_create'
collect2: error: ld returned 1 exit status
CMakeFiles/cmTC_f5c79.dir/build.make:97: recipe for target 'cmTC_f5c79' failed
make[1]: *** [cmTC_f5c79] Error 1
make[1]: Leaving directory '/home/haoran/quic/picoquic/CMakeFiles/CMakeTmp'
Makefile:126: recipe for target 'cmTC_f5c79/fast' failed
make: *** [cmTC_f5c79/fast] Error 2

File /home/haoran/quic/picoquic/CMakeFiles/CMakeTmp/CheckSymbolExists.c:
/* */
#include <pthread.h>

int main(int argc, char** argv)
{
  (void)argv;
#ifndef pthread_create
  return ((int*)(&pthread_create))[argc];
#else
  (void)argc;
  return 0;
#endif
}

